<?xml version="1.0" encoding="UTF-8"?>
<!-- Generated by org.testng.reporters.JUnitReportReporter -->
<testsuite skipped="0" hostname="IT3ANCVR" name="testRunner.ProductOrderRunner" tests="1" failures="0" timestamp="24 Sep 2020 21:20:35 GMT" time="44.073" errors="0">
  <testcase name="runScenario" time="44.073" classname="testRunner.ProductOrderRunner"/>
</testsuite> <!-- testRunner.ProductOrderRunner -->
