<?xml version="1.0" encoding="UTF-8"?>
<!-- Generated by org.testng.reporters.JUnitReportReporter -->
<testsuite skipped="0" hostname="IT3ANCVR" name="utilities.TestBase" tests="1" failures="0" timestamp="23 Sep 2020 20:22:45 GMT" time="7.592" errors="0">
  <testcase name="openWebsite" time="7.592" classname="utilities.TestBase"/>
</testsuite> <!-- utilities.TestBase -->
