<?xml version="1.0" encoding="UTF-8"?>
<!-- Generated by org.testng.reporters.JUnitReportReporter -->
<testsuite skipped="0" hostname="IT3ANCVR" name="testRunner.ProductOrderRunner" tests="1" failures="0" timestamp="25 Sep 2020 14:37:33 GMT" time="41.066" errors="0">
  <testcase name="runScenario" time="41.066" classname="testRunner.ProductOrderRunner"/>
</testsuite> <!-- testRunner.ProductOrderRunner -->
