<?xml version="1.0" encoding="UTF-8"?>
<!-- Generated by org.testng.reporters.JUnitReportReporter -->
<testsuite skipped="0" hostname="IT3ANCVR" name="testRunner.AccountCreationRunner" tests="17" failures="0" timestamp="25 Sep 2020 14:37:33 GMT" time="149.053" errors="0">
  <testcase name="runScenario" time="8.326" classname="testRunner.AccountCreationRunner"/>
  <testcase name="runScenario" time="10.475" classname="testRunner.AccountCreationRunner"/>
  <testcase name="runScenario" time="7.490" classname="testRunner.AccountCreationRunner"/>
  <testcase name="runScenario" time="5.530" classname="testRunner.AccountCreationRunner"/>
  <testcase name="runScenario" time="7.840" classname="testRunner.AccountCreationRunner"/>
  <testcase name="runScenario" time="8.924" classname="testRunner.AccountCreationRunner"/>
  <testcase name="runScenario" time="9.668" classname="testRunner.AccountCreationRunner"/>
  <testcase name="runScenario" time="8.476" classname="testRunner.AccountCreationRunner"/>
  <testcase name="runScenario" time="10.891" classname="testRunner.AccountCreationRunner"/>
  <testcase name="runScenario" time="7.519" classname="testRunner.AccountCreationRunner"/>
  <testcase name="runScenario" time="10.614" classname="testRunner.AccountCreationRunner"/>
  <testcase name="runScenario" time="9.967" classname="testRunner.AccountCreationRunner"/>
  <testcase name="runScenario" time="8.467" classname="testRunner.AccountCreationRunner"/>
  <testcase name="runScenario" time="10.223" classname="testRunner.AccountCreationRunner"/>
  <testcase name="runScenario" time="7.826" classname="testRunner.AccountCreationRunner"/>
  <testcase name="runScenario" time="7.666" classname="testRunner.AccountCreationRunner"/>
  <testcase name="runScenario" time="9.151" classname="testRunner.AccountCreationRunner"/>
</testsuite> <!-- testRunner.AccountCreationRunner -->
